{'model': 'GNN', 'n_iter': 3, 'mlp_layer': 3, 'hidden_dim': 256, 'fc_output_layer': 4, 'fc_hidden_dim': 128, 'node_dim': 64, 'mlp_before': False, 'lstm_layer': 1, 'mlp_dim': 128, 'aggregate': 'sum', 'drop_edges': 0.0, 'n_dummy': 0, 'all_same': False, 'dummy_dir': False, 'dummy_share': False, 'only_max_dummy': False, 'sort_by_age': False, 'seed': 1, 'resume': None, 'lr': 0.0005, 'decay': 1e-05, 'batch_size': 64, 'epochs': 150, 'no_cuda': False, 'log_file': 'accuracy.log', 'save_model': False, 'no_log': False, 'log_interval': 10, 'filename': 'GNN_3_0_FalseFalseFalse_lr0.0005_64_256_bs64_mlp3_4_False_0.0_sum.log', 'files_dir': 'results/animal_world__K6_N25_D8_A100_M20_cr0.00.pickle/Task0', 'data': 'animal_world__K6_N25_D8_A100_M20_cr0.00.pickle', 'no_coord': False, 'prefix': '', 'K': 6, 'n_objects': 25, 'coord_size': 8, 'add_features': 2, 'age_range': 100, 'coord_range': 20, 'subtype': 0, 'max_weight': 5, 'max_level': 5, 'map_width': 10, 'map_dim': 2, 'return_correct': False, 'cuda': False}
Train Epoch: 1 [576/50000 (1.15%)] Subtype 0 accuracy: 4.69%, loss: 1.77198
Train Epoch: 1 [1216/50000 (2.43%)] Subtype 0 accuracy: 1.56%, loss: 0.09120
Train Epoch: 1 [1856/50000 (3.71%)] Subtype 0 accuracy: 4.69%, loss: 0.07216
Train Epoch: 1 [2496/50000 (4.99%)] Subtype 0 accuracy: 6.25%, loss: 0.06647
Train Epoch: 1 [3136/50000 (6.27%)] Subtype 0 accuracy: 9.38%, loss: 0.06271
Train Epoch: 1 [3776/50000 (7.55%)] Subtype 0 accuracy: 3.12%, loss: 0.06054
Train Epoch: 1 [4416/50000 (8.83%)] Subtype 0 accuracy: 4.69%, loss: 0.05866
Train Epoch: 1 [5056/50000 (10.11%)] Subtype 0 accuracy: 4.69%, loss: 0.05821
Train Epoch: 1 [5696/50000 (11.39%)] Subtype 0 accuracy: 6.25%, loss: 0.05556
Train Epoch: 1 [6336/50000 (12.67%)] Subtype 0 accuracy: 3.12%, loss: 0.05615
Train Epoch: 1 [6976/50000 (13.95%)] Subtype 0 accuracy: 7.81%, loss: 0.05381
Train Epoch: 1 [7616/50000 (15.23%)] Subtype 0 accuracy: 6.25%, loss: 0.05437
Train Epoch: 1 [8256/50000 (16.51%)] Subtype 0 accuracy: 4.69%, loss: 0.05309
Train Epoch: 1 [8896/50000 (17.79%)] Subtype 0 accuracy: 4.69%, loss: 0.05362
Train Epoch: 1 [9536/50000 (19.07%)] Subtype 0 accuracy: 1.56%, loss: 0.05277
Train Epoch: 1 [10176/50000 (20.35%)] Subtype 0 accuracy: 6.25%, loss: 0.05253
Train Epoch: 1 [10816/50000 (21.63%)] Subtype 0 accuracy: 1.56%, loss: 0.05266
Train Epoch: 1 [11456/50000 (22.91%)] Subtype 0 accuracy: 9.38%, loss: 0.05285
Train Epoch: 1 [12096/50000 (24.19%)] Subtype 0 accuracy: 6.25%, loss: 0.05130
Train Epoch: 1 [12736/50000 (25.47%)] Subtype 0 accuracy: 6.25%, loss: 0.05186
Train Epoch: 1 [13376/50000 (26.75%)] Subtype 0 accuracy: 6.25%, loss: 0.05108
Train Epoch: 1 [14016/50000 (28.03%)] Subtype 0 accuracy: 3.12%, loss: 0.05083
Train Epoch: 1 [14656/50000 (29.31%)] Subtype 0 accuracy: 7.81%, loss: 0.05088
Train Epoch: 1 [15296/50000 (30.59%)] Subtype 0 accuracy: 6.25%, loss: 0.05036
Train Epoch: 1 [15936/50000 (31.87%)] Subtype 0 accuracy: 4.69%, loss: 0.05033
Train Epoch: 1 [16576/50000 (33.15%)] Subtype 0 accuracy: 7.81%, loss: 0.05085
Train Epoch: 1 [17216/50000 (34.43%)] Subtype 0 accuracy: 10.94%, loss: 0.04967
Train Epoch: 1 [17856/50000 (35.71%)] Subtype 0 accuracy: 6.25%, loss: 0.04985
Train Epoch: 1 [18496/50000 (36.99%)] Subtype 0 accuracy: 7.81%, loss: 0.05035
Train Epoch: 1 [19136/50000 (38.27%)] Subtype 0 accuracy: 9.38%, loss: 0.05010
Train Epoch: 1 [19776/50000 (39.55%)] Subtype 0 accuracy: 10.94%, loss: 0.05057
Train Epoch: 1 [20416/50000 (40.83%)] Subtype 0 accuracy: 9.38%, loss: 0.04968
Train Epoch: 1 [21056/50000 (42.11%)] Subtype 0 accuracy: 4.69%, loss: 0.05003
Train Epoch: 1 [21696/50000 (43.39%)] Subtype 0 accuracy: 1.56%, loss: 0.05016
Train Epoch: 1 [22336/50000 (44.67%)] Subtype 0 accuracy: 10.94%, loss: 0.04929
Train Epoch: 1 [22976/50000 (45.95%)] Subtype 0 accuracy: 3.12%, loss: 0.04956
Train Epoch: 1 [23616/50000 (47.23%)] Subtype 0 accuracy: 10.94%, loss: 0.04936
Train Epoch: 1 [24256/50000 (48.51%)] Subtype 0 accuracy: 6.25%, loss: 0.04911
Train Epoch: 1 [24896/50000 (49.79%)] Subtype 0 accuracy: 1.56%, loss: 0.04955
Train Epoch: 1 [25536/50000 (51.07%)] Subtype 0 accuracy: 4.69%, loss: 0.04877
Train Epoch: 1 [26176/50000 (52.35%)] Subtype 0 accuracy: 4.69%, loss: 0.04926
Train Epoch: 1 [26816/50000 (53.63%)] Subtype 0 accuracy: 4.69%, loss: 0.04897
Train Epoch: 1 [27456/50000 (54.91%)] Subtype 0 accuracy: 7.81%, loss: 0.04897
Train Epoch: 1 [28096/50000 (56.19%)] Subtype 0 accuracy: 14.06%, loss: 0.04876
Train Epoch: 1 [28736/50000 (57.47%)] Subtype 0 accuracy: 4.69%, loss: 0.04814
Train Epoch: 1 [29376/50000 (58.75%)] Subtype 0 accuracy: 7.81%, loss: 0.04910
Train Epoch: 1 [30016/50000 (60.03%)] Subtype 0 accuracy: 4.69%, loss: 0.04873
Train Epoch: 1 [30656/50000 (61.31%)] Subtype 0 accuracy: 4.69%, loss: 0.04863
Train Epoch: 1 [31296/50000 (62.59%)] Subtype 0 accuracy: 10.94%, loss: 0.04823
Train Epoch: 1 [31936/50000 (63.87%)] Subtype 0 accuracy: 4.69%, loss: 0.04909
Train Epoch: 1 [32576/50000 (65.15%)] Subtype 0 accuracy: 10.94%, loss: 0.04847
Train Epoch: 1 [33216/50000 (66.43%)] Subtype 0 accuracy: 7.81%, loss: 0.04856
Train Epoch: 1 [33856/50000 (67.71%)] Subtype 0 accuracy: 3.12%, loss: 0.04930
Train Epoch: 1 [34496/50000 (68.99%)] Subtype 0 accuracy: 4.69%, loss: 0.04806
Train Epoch: 1 [35136/50000 (70.27%)] Subtype 0 accuracy: 1.56%, loss: 0.04850
Train Epoch: 1 [35776/50000 (71.55%)] Subtype 0 accuracy: 3.12%, loss: 0.04859
Train Epoch: 1 [36416/50000 (72.83%)] Subtype 0 accuracy: 4.69%, loss: 0.04848
Train Epoch: 1 [37056/50000 (74.11%)] Subtype 0 accuracy: 4.69%, loss: 0.04804
Train Epoch: 1 [37696/50000 (75.39%)] Subtype 0 accuracy: 10.94%, loss: 0.04836
Train Epoch: 1 [38336/50000 (76.67%)] Subtype 0 accuracy: 4.69%, loss: 0.04846
Train Epoch: 1 [38976/50000 (77.95%)] Subtype 0 accuracy: 3.12%, loss: 0.04877
Train Epoch: 1 [39616/50000 (79.23%)] Subtype 0 accuracy: 9.38%, loss: 0.04845
Train Epoch: 1 [40256/50000 (80.51%)] Subtype 0 accuracy: 6.25%, loss: 0.04845
Train Epoch: 1 [40896/50000 (81.79%)] Subtype 0 accuracy: 1.56%, loss: 0.04785
Train Epoch: 1 [41536/50000 (83.07%)] Subtype 0 accuracy: 6.25%, loss: 0.04824
Train Epoch: 1 [42176/50000 (84.35%)] Subtype 0 accuracy: 0.00%, loss: 0.04814
Train Epoch: 1 [42816/50000 (85.63%)] Subtype 0 accuracy: 7.81%, loss: 0.04806
Train Epoch: 1 [43456/50000 (86.91%)] Subtype 0 accuracy: 7.81%, loss: 0.04860
Train Epoch: 1 [44096/50000 (88.19%)] Subtype 0 accuracy: 10.94%, loss: 0.04791
Train Epoch: 1 [44736/50000 (89.47%)] Subtype 0 accuracy: 9.38%, loss: 0.04770
Train Epoch: 1 [45376/50000 (90.75%)] Subtype 0 accuracy: 9.38%, loss: 0.04829
Train Epoch: 1 [46016/50000 (92.03%)] Subtype 0 accuracy: 6.25%, loss: 0.04865
Train Epoch: 1 [46656/50000 (93.31%)] Subtype 0 accuracy: 9.38%, loss: 0.04818
Train Epoch: 1 [47296/50000 (94.59%)] Subtype 0 accuracy: 3.12%, loss: 0.04862
Train Epoch: 1 [47936/50000 (95.87%)] Subtype 0 accuracy: 4.69%, loss: 0.04786
Train Epoch: 1 [48576/50000 (97.15%)] Subtype 0 accuracy: 6.25%, loss: 0.04819
Train Epoch: 1 [49216/50000 (98.43%)] Subtype 0 accuracy: 4.69%, loss: 0.04824
Train Epoch: 1 [49856/50000 (99.71%)] Subtype 0 accuracy: 3.12%, loss: 0.04776

Train set: Subtype 0 accuracy: 5.54%, loss: 4.69426
Validation set: Subtype 0 accuracy: 5.37%, loss: 3.08269
Test set: Subtype 0 accuracy: 5.53%, loss: 3.06902 

Train Epoch: 2 [576/50000 (1.15%)] Subtype 0 accuracy: 17.19%, loss: 0.04759
Train Epoch: 2 [1216/50000 (2.43%)] Subtype 0 accuracy: 4.69%, loss: 0.04808
Train Epoch: 2 [1856/50000 (3.71%)] Subtype 0 accuracy: 4.69%, loss: 0.04728
Train Epoch: 2 [2496/50000 (4.99%)] Subtype 0 accuracy: 4.69%, loss: 0.04807
Train Epoch: 2 [3136/50000 (6.27%)] Subtype 0 accuracy: 7.81%, loss: 0.04770
Train Epoch: 2 [3776/50000 (7.55%)] Subtype 0 accuracy: 4.69%, loss: 0.04747
Train Epoch: 2 [4416/50000 (8.83%)] Subtype 0 accuracy: 3.12%, loss: 0.04795
Train Epoch: 2 [5056/50000 (10.11%)] Subtype 0 accuracy: 6.25%, loss: 0.04760
Train Epoch: 2 [5696/50000 (11.39%)] Subtype 0 accuracy: 1.56%, loss: 0.04815
Train Epoch: 2 [6336/50000 (12.67%)] Subtype 0 accuracy: 4.69%, loss: 0.04809
Train Epoch: 2 [6976/50000 (13.95%)] Subtype 0 accuracy: 6.25%, loss: 0.04769
Train Epoch: 2 [7616/50000 (15.23%)] Subtype 0 accuracy: 6.25%, loss: 0.04780
Train Epoch: 2 [8256/50000 (16.51%)] Subtype 0 accuracy: 4.69%, loss: 0.04783
Train Epoch: 2 [8896/50000 (17.79%)] Subtype 0 accuracy: 4.69%, loss: 0.04816
Train Epoch: 2 [9536/50000 (19.07%)] Subtype 0 accuracy: 4.69%, loss: 0.04776
Train Epoch: 2 [10176/50000 (20.35%)] Subtype 0 accuracy: 3.12%, loss: 0.04745
Train Epoch: 2 [10816/50000 (21.63%)] Subtype 0 accuracy: 3.12%, loss: 0.04766
Train Epoch: 2 [11456/50000 (22.91%)] Subtype 0 accuracy: 4.69%, loss: 0.04810
Train Epoch: 2 [12096/50000 (24.19%)] Subtype 0 accuracy: 4.69%, loss: 0.04802
Train Epoch: 2 [12736/50000 (25.47%)] Subtype 0 accuracy: 12.50%, loss: 0.04748
Train Epoch: 2 [13376/50000 (26.75%)] Subtype 0 accuracy: 3.12%, loss: 0.04744
Train Epoch: 2 [14016/50000 (28.03%)] Subtype 0 accuracy: 1.56%, loss: 0.04771
Train Epoch: 2 [14656/50000 (29.31%)] Subtype 0 accuracy: 6.25%, loss: 0.04775
Train Epoch: 2 [15296/50000 (30.59%)] Subtype 0 accuracy: 3.12%, loss: 0.04787
Train Epoch: 2 [15936/50000 (31.87%)] Subtype 0 accuracy: 9.38%, loss: 0.04733
Train Epoch: 2 [16576/50000 (33.15%)] Subtype 0 accuracy: 3.12%, loss: 0.04789
Train Epoch: 2 [17216/50000 (34.43%)] Subtype 0 accuracy: 6.25%, loss: 0.04785
Train Epoch: 2 [17856/50000 (35.71%)] Subtype 0 accuracy: 6.25%, loss: 0.04760
Train Epoch: 2 [18496/50000 (36.99%)] Subtype 0 accuracy: 3.12%, loss: 0.04727
Train Epoch: 2 [19136/50000 (38.27%)] Subtype 0 accuracy: 3.12%, loss: 0.04801
Train Epoch: 2 [19776/50000 (39.55%)] Subtype 0 accuracy: 12.50%, loss: 0.04734
Train Epoch: 2 [20416/50000 (40.83%)] Subtype 0 accuracy: 3.12%, loss: 0.04745
Train Epoch: 2 [21056/50000 (42.11%)] Subtype 0 accuracy: 3.12%, loss: 0.04753
Train Epoch: 2 [21696/50000 (43.39%)] Subtype 0 accuracy: 7.81%, loss: 0.04710
Train Epoch: 2 [22336/50000 (44.67%)] Subtype 0 accuracy: 1.56%, loss: 0.04769
Train Epoch: 2 [22976/50000 (45.95%)] Subtype 0 accuracy: 9.38%, loss: 0.04781
Train Epoch: 2 [23616/50000 (47.23%)] Subtype 0 accuracy: 6.25%, loss: 0.04761
Train Epoch: 2 [24256/50000 (48.51%)] Subtype 0 accuracy: 4.69%, loss: 0.04750
Train Epoch: 2 [24896/50000 (49.79%)] Subtype 0 accuracy: 4.69%, loss: 0.04735
Train Epoch: 2 [25536/50000 (51.07%)] Subtype 0 accuracy: 3.12%, loss: 0.04753
Train Epoch: 2 [26176/50000 (52.35%)] Subtype 0 accuracy: 6.25%, loss: 0.04756
Train Epoch: 2 [26816/50000 (53.63%)] Subtype 0 accuracy: 1.56%, loss: 0.04781
Train Epoch: 2 [27456/50000 (54.91%)] Subtype 0 accuracy: 4.69%, loss: 0.04774
Train Epoch: 2 [28096/50000 (56.19%)] Subtype 0 accuracy: 4.69%, loss: 0.04779
Train Epoch: 2 [28736/50000 (57.47%)] Subtype 0 accuracy: 3.12%, loss: 0.04735
Train Epoch: 2 [29376/50000 (58.75%)] Subtype 0 accuracy: 6.25%, loss: 0.04717
Train Epoch: 2 [30016/50000 (60.03%)] Subtype 0 accuracy: 6.25%, loss: 0.04807
Train Epoch: 2 [30656/50000 (61.31%)] Subtype 0 accuracy: 4.69%, loss: 0.04772
Train Epoch: 2 [31296/50000 (62.59%)] Subtype 0 accuracy: 6.25%, loss: 0.04751
Train Epoch: 2 [31936/50000 (63.87%)] Subtype 0 accuracy: 4.69%, loss: 0.04793
Train Epoch: 2 [32576/50000 (65.15%)] Subtype 0 accuracy: 4.69%, loss: 0.04740
Train Epoch: 2 [33216/50000 (66.43%)] Subtype 0 accuracy: 1.56%, loss: 0.04741
Train Epoch: 2 [33856/50000 (67.71%)] Subtype 0 accuracy: 4.69%, loss: 0.04718
Train Epoch: 2 [34496/50000 (68.99%)] Subtype 0 accuracy: 10.94%, loss: 0.04749
Train Epoch: 2 [35136/50000 (70.27%)] Subtype 0 accuracy: 3.12%, loss: 0.04757
Train Epoch: 2 [35776/50000 (71.55%)] Subtype 0 accuracy: 4.69%, loss: 0.04746
Train Epoch: 2 [36416/50000 (72.83%)] Subtype 0 accuracy: 3.12%, loss: 0.04738
Train Epoch: 2 [37056/50000 (74.11%)] Subtype 0 accuracy: 4.69%, loss: 0.04755
Train Epoch: 2 [37696/50000 (75.39%)] Subtype 0 accuracy: 3.12%, loss: 0.04769
Train Epoch: 2 [38336/50000 (76.67%)] Subtype 0 accuracy: 1.56%, loss: 0.04746
Train Epoch: 2 [38976/50000 (77.95%)] Subtype 0 accuracy: 6.25%, loss: 0.04737
Train Epoch: 2 [39616/50000 (79.23%)] Subtype 0 accuracy: 7.81%, loss: 0.04690
Train Epoch: 2 [40256/50000 (80.51%)] Subtype 0 accuracy: 7.81%, loss: 0.04789
Train Epoch: 2 [40896/50000 (81.79%)] Subtype 0 accuracy: 4.69%, loss: 0.04715
Train Epoch: 2 [41536/50000 (83.07%)] Subtype 0 accuracy: 4.69%, loss: 0.04736
Train Epoch: 2 [42176/50000 (84.35%)] Subtype 0 accuracy: 3.12%, loss: 0.04750
